Flutter crash report.
Please report a bug at https://github.com/flutter/flutter/issues.

## command

flutter run -d edge

## exception

DartDevelopmentServiceException: DartDevelopmentServiceException: Failed to start Dart Development Service

```
```

## flutter doctor

```
[✓] Flutter (Channel stable, 3.35.4, on Microsoft Windows [Version 10.0.26100.6584], locale ja-JP) [675ms]
    • Flutter version 3.35.4 on channel stable at C:\Users\yasun\develop\flutter
    • Upstream repository https://github.com/flutter/flutter.git
    • Framework revision d693b4b9db (8 days ago), 2025-09-16 14:27:41 +0000
    • Engine revision c298091351
    • Dart version 3.9.2
    • DevTools version 2.48.0
    • Feature flags: enable-web, enable-linux-desktop, enable-macos-desktop, enable-windows-desktop, enable-android, enable-ios, cli-animations, enable-lldb-debugging

[✓] Windows Version (Windows 11 or higher, 24H2, 2009) [3.5s]

[✓] Android toolchain - develop for Android devices (Android SDK version 36.1.0) [6.3s]
    • Android SDK at C:\Users\yasun\AppData\Local\Android\sdk
    • Emulator version 36.1.9.0 (build_id 13823996) (CL:N/A)
    • Platform android-36, build-tools 36.1.0
    • Java binary at: C:\Program Files\Android\Android Studio\jbr\bin\java
      This is the JDK bundled with the latest Android Studio installation on this machine.
      To manually set the JDK path, use: `flutter config --jdk-dir="path/to/jdk"`.
    • Java version OpenJDK Runtime Environment (build 21.0.7+-13880790-b1038.58)
    • All Android licenses accepted.

[✗] Chrome - develop for the web (Cannot find Chrome executable at .\Google\Chrome\Application\chrome.exe) [343ms]
    ! Cannot find Chrome. Try setting CHROME_EXECUTABLE to a Chrome executable.

[!] Visual Studio - develop Windows apps (Visual Studio Build Tools 2019 16.11.49) [342ms]
    • Visual Studio at C:\Program Files (x86)\Microsoft Visual Studio\2019\BuildTools
    • Visual Studio Build Tools 2019 version 16.11.36227.6
    • Windows 10 SDK version 10.0.19041.0
    ✗ The current Visual Studio installation is incomplete.
      Please use Visual Studio Installer to complete the installation or reinstall Visual Studio.

[✓] Android Studio (version 2025.1.3) [11ms]
    • Android Studio at C:\Program Files\Android\Android Studio
    • Flutter plugin can be installed from:
      🔨 https://plugins.jetbrains.com/plugin/9212-flutter
    • Dart plugin can be installed from:
      🔨 https://plugins.jetbrains.com/plugin/6351-dart
    • Java version OpenJDK Runtime Environment (build 21.0.7+-13880790-b1038.58)

[✓] VS Code (version 1.104.1) [8ms]
    • VS Code at C:\Users\yasun\AppData\Local\Programs\Microsoft VS Code
    • Flutter extension version 3.118.0

[✓] Connected device (2 available) [1,877ms]
    • Windows (desktop) • windows • windows-x64    • Microsoft Windows [Version 10.0.26100.6584]
    • Edge (web)        • edge    • web-javascript • Microsoft Edge 140.0.3485.81

[✓] Network resources [2.8s]
    • All expected network resources are available.

! Doctor found issues in 2 categories.
```
